[33m[nodemon] 3.1.14[39m
[33m[nodemon] to restart at any time, enter `rs`[39m
[33m[nodemon] watching path(s): *.*[39m
[33m[nodemon] watching extensions: js,mjs,cjs,json[39m
[32m[nodemon] starting `node src/server.js`[39m
[DB] Database schema and performance indexes verified.
[32minfo[39m: 🚀 Thoughts Backend running on http://0.0.0.0:3001 {"timestamp":"2026-05-18T12:20:58.658Z"}
[32minfo[39m: API Documentation: http://localhost:3001/api-docs {"timestamp":"2026-05-18T12:20:58.661Z"}
[LOGIN] Attempt for identifier: "johndoe123"
[32m[nodemon] restarting due to changes...[39m
[32m[nodemon] starting `node src/server.js`[39m
[DB] Database schema and performance indexes verified.
[32minfo[39m: 🚀 Thoughts Backend running on http://0.0.0.0:3001 {"timestamp":"2026-05-19T05:13:36.758Z"}
[32minfo[39m: API Documentation: http://localhost:3001/api-docs {"timestamp":"2026-05-19T05:13:36.762Z"}
[32m[nodemon] restarting due to changes...[39m
[32m[nodemon] starting `node src/server.js`[39m
[DB] Database schema and performance indexes verified.
[32minfo[39m: 🚀 Thoughts Backend running on http://0.0.0.0:3001 {"timestamp":"2026-05-19T05:13:51.494Z"}
[32minfo[39m: API Documentation: http://localhost:3001/api-docs {"timestamp":"2026-05-19T05:13:51.497Z"}
[32m[nodemon] restarting due to changes...[39m
[32m[nodemon] starting `node src/server.js`[39m
[DB] Database schema and performance indexes verified.
[32minfo[39m: 🚀 Thoughts Backend running on http://0.0.0.0:3001 {"timestamp":"2026-05-19T05:14:04.785Z"}
[32minfo[39m: API Documentation: http://localhost:3001/api-docs {"timestamp":"2026-05-19T05:14:04.788Z"}
[32m[nodemon] restarting due to changes...[39m
[32m[nodemon] starting `node src/server.js`[39m
[DB] Database schema and performance indexes verified.
[32minfo[39m: 🚀 Thoughts Backend running on http://0.0.0.0:3001 {"timestamp":"2026-05-19T05:14:13.626Z"}
[32minfo[39m: API Documentation: http://localhost:3001/api-docs {"timestamp":"2026-05-19T05:14:13.631Z"}
[32m[nodemon] restarting due to changes...[39m
[32m[nodemon] starting `node src/server.js`[39m
[DB] Database schema and performance indexes verified.
[32minfo[39m: 🚀 Thoughts Backend running on http://0.0.0.0:3001 {"timestamp":"2026-05-19T05:14:48.370Z"}
[32minfo[39m: API Documentation: http://localhost:3001/api-docs {"timestamp":"2026-05-19T05:14:48.373Z"}
[32m[nodemon] restarting due to changes...[39m
[32m[nodemon] starting `node src/server.js`[39m
[DB] Database schema and performance indexes verified.
[32minfo[39m: 🚀 Thoughts Backend running on http://0.0.0.0:3001 {"timestamp":"2026-05-19T05:15:11.204Z"}
[32minfo[39m: API Documentation: http://localhost:3001/api-docs {"timestamp":"2026-05-19T05:15:11.207Z"}
[32m[nodemon] restarting due to changes...[39m
[32m[nodemon] starting `node src/server.js`[39m
[DB] Database schema and performance indexes verified.
[32minfo[39m: 🚀 Thoughts Backend running on http://0.0.0.0:3001 {"timestamp":"2026-05-19T05:16:15.233Z"}
[32minfo[39m: API Documentation: http://localhost:3001/api-docs {"timestamp":"2026-05-19T05:16:15.237Z"}
[32m[nodemon] restarting due to changes...[39m
[32m[nodemon] starting `node src/server.js`[39m
[DB] Database schema and performance indexes verified.
[32minfo[39m: 🚀 Thoughts Backend running on http://0.0.0.0:3001 {"timestamp":"2026-05-19T05:16:41.167Z"}
[32minfo[39m: API Documentation: http://localhost:3001/api-docs {"timestamp":"2026-05-19T05:16:41.170Z"}
[32m[nodemon] restarting due to changes...[39m
[32m[nodemon] starting `node src/server.js`[39m
[DB] Database schema and performance indexes verified.
[32minfo[39m: 🚀 Thoughts Backend running on http://0.0.0.0:3001 {"timestamp":"2026-05-19T05:27:59.485Z"}
[32minfo[39m: API Documentation: http://localhost:3001/api-docs {"timestamp":"2026-05-19T05:27:59.489Z"}
[32m[nodemon] restarting due to changes...[39m
[32m[nodemon] starting `node src/server.js`[39m
[DB] Database schema and performance indexes verified.
[32minfo[39m: 🚀 Thoughts Backend running on http://0.0.0.0:3001 {"timestamp":"2026-05-19T06:31:27.697Z"}
[32minfo[39m: API Documentation: http://localhost:3001/api-docs {"timestamp":"2026-05-19T06:31:27.699Z"}
[LOGIN] Attempt for identifier: "testing123"
